<?xml version="1.0" encoding="UTF-8"?>
<testsuite xmlns:xsi="http://www.w3.org/2001/XMLSchema-instance" xsi:noNamespaceSchemaLocation="https://maven.apache.org/surefire/maven-surefire-plugin/xsd/surefire-test-report-3.0.xsd" version="3.0" name="TestSuite" time="43.433" tests="4" errors="0" skipped="0" failures="0">
  <properties>
[...]
</properties>
  <testcase name="runScenario[&quot;Login to ATS Dashboard&quot;, &quot;ATS Authentication&quot;](1)" classname="runner.TestRunner" time="22.685">
    <system-out><![CDATA[
@ATS @settings @authentication @smoke @critical

@ATS @settings @authentication @smoke @critical
Scenario Outline: Login to ATS Dashboard                                                                                                    &amp#27;[90m# src/test/java/features/ATS/07_Settings/01_Authentication.feature:17&amp#27;[0m
Scenario Outline: Login to ATS Dashboard                                                                                                    # src/test/java/features/ATS/07_Settings/01_Authentication.feature:17
ℹ️ INFO: Driver reset for new test
ℹ️ INFO: Driver reset for new test
ℹ️ INFO: New driver created for login
ℹ️ INFO: New driver created for login
✅ SUCCESS: Successfully navigated to: https://teamso.com/dashboard/account/login
✅ SUCCESS: Page loaded completely
ℹ️ INFO: Page load check completed
✅ SUCCESS: Successfully navigated to: https://teamso.com/dashboard/account/login
✅ SUCCESS: Page loaded completely
ℹ️ INFO: Page load check completed
✅ SUCCESS: Email entered successfully: kadir.mogul@teamso.com
✅ SUCCESS: Login button clicked successfully
✅ SUCCESS: Page loaded completely
ℹ️ INFO: Page load check after login completed
✅ SUCCESS: Email entered successfully: kadir.mogul@teamso.com
✅ SUCCESS: Login button clicked successfully
✅ SUCCESS: Page loaded completely
ℹ️ INFO: Page load check after login completed
✅ SUCCESS: Account search completed: prodkadir
✅ SUCCESS: Account selected at index: 0
✅ SUCCESS: Page loaded completely
ℹ️ INFO: Page load check after account selection completed
✅ SUCCESS: Password entered successfully
✅ SUCCESS: Account search completed: prodkadir
✅ SUCCESS: Account selected at index: 0
✅ SUCCESS: Final login button clicked successfully
✅ SUCCESS: Page loaded completely
✅ SUCCESS: Page loaded completely
ℹ️ INFO: Page load check after final login completed
ℹ️ INFO: Page load check after account selection completed
✅ SUCCESS: Password entered successfully
✅ SUCCESS: Final login button clicked successfully
✅ SUCCESS: Page loaded completely
ℹ️ INFO: Page load check after final login completed
✅ SUCCESS: Login process completed successfully
✅ SUCCESS: Login process completed successfully
✅ SUCCESS: Login verification successful - Redirected to dashboard
  &amp#27;[32mGiven &amp#27;[0m&amp#27;[32mperform login with &amp#27;[0m&amp#27;[32m&amp#27;[1m"https://teamso.com/dashboard/account/login"&amp#27;[0m&amp#27;[32m and &amp#27;[0m&amp#27;[32m&amp#27;[1m"kadir.mogul@teamso.com"&amp#27;[0m&amp#27;[32m and &amp#27;[0m&amp#27;[32m&amp#27;[1m"prodkadir"&amp#27;[0m&amp#27;[32m and &amp#27;[0m&amp#27;[32m&amp#27;[1m"0"&amp#27;[0m&amp#27;[32m and &amp#27;[0m&amp#27;[32m&amp#27;[1m"Akm@2026"&amp#27;[0m &amp#27;[90m# stepDefinitions.AuthenticationStepDefinitions.perform_login_with_parameters(java.lang.String,java.lang.String,java.lang.String,java.lang.String,java.lang.String)&amp#27;[0m
✅ SUCCESS: Login verification successful
  &amp#27;[32mThen &amp#27;[0m&amp#27;[32mverify login successful&amp#27;[0m                                                                                                              &amp#27;[90m# stepDefinitions.AuthenticationStepDefinitions.verify_login_successful()&amp#27;[0m
ℹ️ INFO: Starting logout process...
ℹ️ INFO: Using existing active driver
✅ SUCCESS: Dropdown toggle button clicked successfully
✅ SUCCESS: Login verification successful - Redirected to dashboard
  Given perform login with "https://teamso.com/dashboard/account/login" and "kadir.mogul@teamso.com" and "prodkadir" and "0" and "Akm@2026" # stepDefinitions.AuthenticationStepDefinitions.perform_login_with_parameters(java.lang.String,java.lang.String,java.lang.String,java.lang.String,java.lang.String)
✅ SUCCESS: Login verification successful
  Then verify login successful                                                                                                              # stepDefinitions.AuthenticationStepDefinitions.verify_login_successful()
ℹ️ INFO: Starting logout process...
ℹ️ INFO: Using existing active driver
✅ SUCCESS: Dropdown toggle button clicked successfully
✅ SUCCESS: Logout link clicked successfully at index 3
✅ SUCCESS: Logout process completed successfully
✅ SUCCESS: Logout step completed successfully
  &amp#27;[32mAnd &amp#27;[0m&amp#27;[32mperform logout from system&amp#27;[0m                                                                                                            &amp#27;[90m# stepDefinitions.AuthenticationStepDefinitions.perform_logout_from_system()&amp#27;[0m
✅ SUCCESS: Logout link clicked successfully at index 3
✅ SUCCESS: Logout process completed successfully
✅ SUCCESS: Logout step completed successfully
  And perform logout from system                                                                                                            # stepDefinitions.AuthenticationStepDefinitions.perform_logout_from_system()
✅ SUCCESS: Driver closed and reference cleared
]]></system-out>
    <system-err><![CDATA[SLF4J(W): No SLF4J providers were found.
SLF4J(W): Defaulting to no-operation (NOP) logger implementation
SLF4J(W): See https://www.slf4j.org/codes.html#noProviders for further details.
StSarting ChromeDtrivera 139r.0.72t58i.154n g(9e 0d6Cb2b47ffb1700h7b71r3429oc9a3m02f9ee43D8r4iv7er 1f3-r9e.fs/b0ran.ch-he7ad2s/75258@8{.#1524 9(26}) on9 pe0dor6t b24b47f4fb16704
O0nly local0 conne7ctbi7o13429c9a30ns 2afre9 ea43847f-llowed.
Pleaserefs/branch-h eadss/725e8@{#2e92 6https}://ch)rome dorivenr.chr omiump.orgo/secrurtity -con3side0rati1ons1 for
 suggestions Oon nkleye plioncga lC hcroonmnections aere aDllorwedi.ver safe.

Please see https://chromedriver.chromium.org/security-considerations for suggestions on keeping ChromeDriver safe.
ChromeDriver CwharomeDsr isvtearr tweas sdt asrutcecd seussfculcleys sofnu lployr t 446o0n4 .p
ort 3011.
Sep 01, 2025 5:30:10 PM org.openqa.selenium.devtools.CdpVersionFinder findNearestMatch
WARNING: Unable to find CDP implementation matching 139
Sep 01, 2025 5:30:10 PM org.openqa.selenium.devtools.CdpVersionFinder findNearestMatch
WARNING: Unable to find CDP implementation matching 139
Sep 01, 2025 5:30:10 PM org.openqa.selenium.chromium.ChromiumDriver lambda$new$3
WARNING: Unable to find version of CDP to use for . You may need to include a dependency on a specific version of the CDP using something similar to `org.seleniumhq.selenium:selenium-devtools-v86:4.8.1` where the version ("v86") matches the version of the chromium-based browser you're using and the version number of the artifact is the same as Selenium's.
Sep 01, 2025 5:30:10 PM org.openqa.selenium.chromium.ChromiumDriver lambda$new$3
WARNING: Unable to find version of CDP to use for . You may need to include a dependency on a specific version of the CDP using something similar to `org.seleniumhq.selenium:selenium-devtools-v86:4.8.1` where the version ("v86") matches the version of the chromium-based browser you're using and the version number of the artifact is the same as Selenium's.
Sep 01, 2025 5:30:27 PM org.openqa.selenium.remote.http.WebSocket$Listener onError
WARNING: Connection reset
java.net.SocketException: Connection reset
	at java.base/sun.nio.ch.SocketChannelImpl.throwConnectionReset(SocketChannelImpl.java:403)
	at java.base/sun.nio.ch.SocketChannelImpl.implRead(SocketChannelImpl.java:435)
	at java.base/sun.nio.ch.SocketChannelImpl.read(SocketChannelImpl.java:493)
	at io.netty.buffer.PooledByteBuf.setBytes(PooledByteBuf.java:259)
	at io.netty.buffer.AbstractByteBuf.writeBytes(AbstractByteBuf.java:1132)
	at io.netty.channel.socket.nio.NioSocketChannel.doReadBytes(NioSocketChannel.java:357)
	at io.netty.channel.nio.AbstractNioByteChannel$NioByteUnsafe.read(AbstractNioByteChannel.java:151)
	at io.netty.channel.nio.NioEventLoop.processSelectedKey(NioEventLoop.java:788)
	at io.netty.channel.nio.NioEventLoop.processSelectedKeysOptimized(NioEventLoop.java:724)
	at io.netty.channel.nio.NioEventLoop.processSelectedKeys(NioEventLoop.java:650)
	at io.netty.channel.nio.NioEventLoop.run(NioEventLoop.java:562)
	at io.netty.util.concurrent.SingleThreadEventExecutor$4.run(SingleThreadEventExecutor.java:997)
	at io.netty.util.internal.ThreadExecutorMap$2.run(ThreadExecutorMap.java:74)
	at io.netty.util.concurrent.FastThreadLocalRunnable.run(FastThreadLocalRunnable.java:30)
	at java.base/java.lang.Thread.run(Thread.java:1575)

]]></system-err>
  </testcase>
  <testcase name="runScenario[&quot;Login to ATS Dashboard&quot;, &quot;ATS Authentication&quot;](2)" classname="runner.TestRunner" time="20.099">
    <system-out><![CDATA[
@ATS @settings @authentication @smoke @critical
Scenario Outline: Login to ATS Dashboard                                                                                                    # src/test/java/features/ATS/07_Settings/01_Authentication.feature:18
ℹ️ INFO: Driver reset for new test
ℹ️ INFO: New driver created for login
ℹ️ INFO: New driver created for login
✅ SUCCESS: Successfully navigated to: https://teamso.com/dashboard/account/login
✅ SUCCESS: Page loaded completely
ℹ️ INFO: Page load check completed
✅ SUCCESS: Email entered successfully: kadir.mogul@teamso.com
✅ SUCCESS: Login button clicked successfully
✅ SUCCESS: Page loaded completely
ℹ️ INFO: Page load check after login completed
✅ SUCCESS: Successfully navigated to: https://teamso.com/dashboard/account/login
✅ SUCCESS: Page loaded completely
ℹ️ INFO: Page load check completed
✅ SUCCESS: Email entered successfully: kadir.mogul@teamso.com
✅ SUCCESS: Login button clicked successfully
✅ SUCCESS: Page loaded completely
ℹ️ INFO: Page load check after login completed
✅ SUCCESS: Account search completed: prodkadir
✅ SUCCESS: Account selected at index: 1
✅ SUCCESS: Page loaded completely
ℹ️ INFO: Page load check after account selection completed
✅ SUCCESS: Account search completed: prodkadir
✅ SUCCESS: Password entered successfully
✅ SUCCESS: Account selected at index: 1
✅ SUCCESS: Page loaded completely
ℹ️ INFO: Page load check after account selection completed
✅ SUCCESS: Final login button clicked successfully
✅ SUCCESS: Page loaded completely
ℹ️ INFO: Page load check after final login completed
✅ SUCCESS: Password entered successfully
✅ SUCCESS: Final login button clicked successfully
✅ SUCCESS: Page loaded completely
ℹ️ INFO: Page load check after final login completed
✅ SUCCESS: Login process completed successfully
✅ SUCCESS: Login verification successful - Redirected to dashboard
  &amp#27;[32mGiven &amp#27;[0m&amp#27;[32mperform login with &amp#27;[0m&amp#27;[32m&amp#27;[1m"https://teamso.com/dashboard/account/login"&amp#27;[0m&amp#27;[32m and &amp#27;[0m&amp#27;[32m&amp#27;[1m"kadir.mogul@teamso.com"&amp#27;[0m&amp#27;[32m and &amp#27;[0m&amp#27;[32m&amp#27;[1m"prodkadir"&amp#27;[0m&amp#27;[32m and &amp#27;[0m&amp#27;[32m&amp#27;[1m"1"&amp#27;[0m&amp#27;[32m and &amp#27;[0m&amp#27;[32m&amp#27;[1m"Akm@2026"&amp#27;[0m &amp#27;[90m# stepDefinitions.AuthenticationStepDefinitions.perform_login_with_parameters(java.lang.String,java.lang.String,java.lang.String,java.lang.String,java.lang.String)&amp#27;[0m
✅ SUCCESS: Login verification successful
  &amp#27;[32mThen &amp#27;[0m&amp#27;[32mverify login successful&amp#27;[0m                                                                                                              &amp#27;[90m# stepDefinitions.AuthenticationStepDefinitions.verify_login_successful()&amp#27;[0m
ℹ️ INFO: Starting logout process...
ℹ️ INFO: Using existing active driver
✅ SUCCESS: Dropdown toggle button clicked successfully
✅ SUCCESS: Login process completed successfully
✅ SUCCESS: Login verification successful - Redirected to dashboard
  Given perform login with "https://teamso.com/dashboard/account/login" and "kadir.mogul@teamso.com" and "prodkadir" and "1" and "Akm@2026" # stepDefinitions.AuthenticationStepDefinitions.perform_login_with_parameters(java.lang.String,java.lang.String,java.lang.String,java.lang.String,java.lang.String)
✅ SUCCESS: Login verification successful
  Then verify login successful                                                                                                              # stepDefinitions.AuthenticationStepDefinitions.verify_login_successful()
ℹ️ INFO: Starting logout process...
ℹ️ INFO: Using existing active driver
✅ SUCCESS: Dropdown toggle button clicked successfully
✅ SUCCESS: Logout link clicked successfully at index 3
✅ SUCCESS: Logout process completed successfully
✅ SUCCESS: Logout step completed successfully
  &amp#27;[32mAnd &amp#27;[0m&amp#27;[32mperform logout from system&amp#27;[0m                                                                                                            &amp#27;[90m# stepDefinitions.AuthenticationStepDefinitions.perform_logout_from_system()&amp#27;[0m
✅ SUCCESS: Logout link clicked successfully at index 3
✅ SUCCESS: Driver closed and reference cleared
]]></system-out>
    <system-err><![CDATA[Starting ChromeDriver 139.0.7258.154 (9e0d6b2b47ffb17007b713429c9a302f9e43847f-refs/branch-heads/7258@{#2926}) on port 39643
Only local connections are allowed.
Please see https://chromedriver.chromium.org/security-considerations for suggestions on keeping ChromeDriver safe.
ChromeDriver was started successfully on port 39643.
Starting ChromeDriver 139.0.7258.154 (9e0d6b2b47ffb17007b713429c9a302f9e43847f-refs/branch-heads/7258@{#2926}) on port 30185
Only local connections are allowed.
Please see https://chromedriver.chromium.org/security-considerations for suggestions on keeping ChromeDriver safe.
ChromeDriver was started successfully on port 30185.
Sep 01, 2025 5:30:32 PM org.openqa.selenium.devtools.CdpVersionFinder findNearestMatch
WARNING: Unable to find CDP implementation matching 139
Sep 01, 2025 5:30:32 PM org.openqa.selenium.chromium.ChromiumDriver lambda$new$3
WARNING: Unable to find version of CDP to use for . You may need to include a dependency on a specific version of the CDP using something similar to `org.seleniumhq.selenium:selenium-devtools-v86:4.8.1` where the version ("v86") matches the version of the chromium-based browser you're using and the version number of the artifact is the same as Selenium's.
Sep 01, 2025 5:30:32 PM org.openqa.selenium.devtools.CdpVersionFinder findNearestMatch
WARNING: Unable to find CDP implementation matching 139
Sep 01, 2025 5:30:32 PM org.openqa.selenium.chromium.ChromiumDriver lambda$new$3
WARNING: Unable to find version of CDP to use for . You may need to include a dependency on a specific version of the CDP using something similar to `org.seleniumhq.selenium:selenium-devtools-v86:4.8.1` where the version ("v86") matches the version of the chromium-based browser you're using and the version number of the artifact is the same as Selenium's.
]]></system-err>
  </testcase>
  <testcase name="runScenario[&quot;Login to ATS Dashboard&quot;, &quot;ATS Authentication&quot;](1)" classname="runner.ParallelTestRunner" time="0.037">
    <system-out><![CDATA[
@ATS @settings @authentication @smoke @critical
Scenario Outline: Login to ATS Dashboard                                                                                                    &amp#27;[90m# src/test/java/features/ATS/07_Settings/01_Authentication.feature:18&amp#27;[0m
ℹ️ INFO: Driver reset for new test
✅ SUCCESS: Driver closed and reference cleared
]]></system-out>
  </testcase>
  <testcase name="runScenario[&quot;Login to ATS Dashboard&quot;, &quot;ATS Authentication&quot;](2)" classname="runner.ParallelTestRunner" time="20.299">
    <system-out><![CDATA[✅ SUCCESS: Logout process completed successfully
✅ SUCCESS: Logout step completed successfully
  And perform logout from system                                                                                                            # stepDefinitions.AuthenticationStepDefinitions.perform_logout_from_system()
✅ SUCCESS: Driver closed and reference cleared
]]></system-out>
    <system-err><![CDATA[&amp#27;[32m&amp#27;[1m┌───────────────────────────────────────────────────────────────────────────────────┐&amp#27;[0m
&amp#27;[32m&amp#27;[1m│&amp#27;[0m Share your Cucumber Report with your team at &amp#27;[36m&amp#27;[1m&amp#27;[4mhttps://reports.cucumber.io&amp#27;[0m          &amp#27;[32m&amp#27;[1m│&amp#27;[0m
&amp#27;[32m&amp#27;[1m│&amp#27;[0m Activate publishing with one of the following:                                    &amp#27;[32m&amp#27;[1m│&amp#27;[0m
&amp#27;[32m&amp#27;[1m│&amp#27;[0m                                                                                   &amp#27;[32m&amp#27;[1m│&amp#27;[0m
&amp#27;[32m&amp#27;[1m│&amp#27;[0m src/test/resources/cucumber.properties:          &amp#27;[36mcucumber.publish.enabled&amp#27;[0m=&amp#27;[36mtrue&amp#27;[0m    &amp#27;[32m&amp#27;[1m│&amp#27;[0m
&amp#27;[32m&amp#27;[1m│&amp#27;[0m src/test/resources/junit-platform.properties:    &amp#27;[36mcucumber.publish.enabled&amp#27;[0m=&amp#27;[36mtrue&amp#27;[0m    &amp#27;[32m&amp#27;[1m│&amp#27;[0m
&amp#27;[32m&amp#27;[1m│&amp#27;[0m Environment variable:                            &amp#27;[36mCUCUMBER_PUBLISH_ENABLED&amp#27;[0m=&amp#27;[36mtrue&amp#27;[0m    &amp#27;[32m&amp#27;[1m│&amp#27;[0m
&amp#27;[32m&amp#27;[1m│&amp#27;[0m JUnit:                                           &amp#27;[36m@CucumberOptions&amp#27;[0m(publish = &amp#27;[36mtrue&amp#27;[0m) &amp#27;[32m&amp#27;[1m│&amp#27;[0m
&amp#27;[32m&amp#27;[1m│&amp#27;[0m                                                                                   &amp#27;[32m&amp#27;[1m│&amp#27;[0m
&amp#27;[32m&amp#27;[1m│&amp#27;[0m More information at &amp#27;[36mhttps://cucumber.io/docs/cucumber/environment-variables/&amp#27;[0m      &amp#27;[32m&amp#27;[1m│&amp#27;[0m
&amp#27;[32m&amp#27;[1m│&amp#27;[0m                                                                                   &amp#27;[32m&amp#27;[1m│&amp#27;[0m
&amp#27;[32m&amp#27;[1m│&amp#27;[0m Disable this message with one of the following:                                   &amp#27;[32m&amp#27;[1m│&amp#27;[0m
&amp#27;[32m&amp#27;[1m│&amp#27;[0m                                                                                   &amp#27;[32m&amp#27;[1m│&amp#27;[0m
&amp#27;[32m&amp#27;[1m│&amp#27;[0m src/test/resources/cucumber.properties:          &amp#27;[36mcucumber.publish.quiet&amp#27;[0m=&amp#27;[36mtrue&amp#27;[0m      &amp#27;[32m&amp#27;[1m│&amp#27;[0m
&amp#27;[32m&amp#27;[1m│&amp#27;[0m src/test/resources/junit-platform.properties:    &amp#27;[36mcucumber.publish.quiet&amp#27;[0m=&amp#27;[36mtrue&amp#27;[0m      &amp#27;[32m&amp#27;[1m│&amp#27;[0m
&amp#27;[32m&amp#27;[1m└───────────────────────────────────────────────────────────────────────────────────┘&amp#27;[0m
]]></system-err>
  </testcase>
</testsuite>