<?xml version="1.0" encoding="UTF-8"?>
<testsuite xmlns:xsi="http://www.w3.org/2001/XMLSchema-instance" xsi:noNamespaceSchemaLocation="https://maven.apache.org/surefire/maven-surefire-plugin/xsd/surefire-test-report-3.0.xsd" version="3.0" name="TestSuite" time="32.52" tests="2" errors="0" skipped="0" failures="1">
  <properties>
[...]
</properties>
  <testcase name="runScenario[&quot;Login to ATS Dashboard&quot;, &quot;ATS Authentication&quot;](1)" classname="runner.ParallelTestRunner" time="0.048">
    <system-out><![CDATA[
@ATS @settings @authentication @smoke @critical
Scenario: Login to ATS Dashboard                                                                                                              # src/test/java/features/ATS/07_Settings/01_Authentication.feature:10

@ATS @settings @authentication @smoke @critical
Scenario: Login to ATS Dashboard                                                                                                              # src/test/java/features/ATS/07_Settings/01_Authentication.feature:10
  Given Login to system with "https://teamso.com/dashboard/account/login" and "kadir.mogul@teamso.com" and "prodkadir" and "0" and "Akm@2026" # stepDefinitions.AuthenticationStepDefinitions.login_to_system_with_parameters(java.lang.String,java.lang.String,java.lang.String,java.lang.String,java.lang.String)
  Then verify login successful                                                                                                                # stepDefinitions.AuthenticationStepDefinitions.verify_login_successful()
  And Select menu "Aday Takip Sistemi" and sub-menu "6"                                                                                       # stepDefinitions.AuthenticationStepDefinitions.select_menu_and_submenu(java.lang.String,java.lang.String)
  And verify page opened successfully                                                                                                         # stepDefinitions.AuthenticationStepDefinitions.verify_page_opened_successfully()
  And find parameter name at index "0"                                                                                                        # stepDefinitions.AuthenticationStepDefinitions.find_parameter_name_at_index(java.lang.String)
  And find record number at index "0"                                                                                                         # stepDefinitions.AuthenticationStepDefinitions.find_record_number_at_index(java.lang.String)
  And find option id with text "Detay"                                                                                                        # stepDefinitions.AuthenticationStepDefinitions.find_option_id_with_text(java.lang.String)
ℹ️ INFO: Element references cleared for fresh test
ℹ️ INFO: Driver, variables and element references reset for new test
ℹ️ INFO: Starting login to system with parameters...
]]></system-out>
    <system-err><![CDATA[SLF4J(W): No SLF4J providers were found.
SLF4J(W): Defaulting to no-operation (NOP) logger implementation
SLF4J(W): See https://www.slf4j.org/codes.html#noProviders for further details.
]]></system-err>
  </testcase>
  <testcase name="runScenario[&quot;Login to ATS Dashboard&quot;, &quot;ATS Authentication&quot;](1)" classname="runner.TestRunner" time="32.169">
    <failure message="The following asserts failed:&#10;	No option found with text containing: Detay" type="java.lang.AssertionError"><![CDATA[java.lang.AssertionError: 
The following asserts failed:
	No option found with text containing: Detay
	at org.testng.asserts.SoftAssert.assertAll(SoftAssert.java:46)
	at org.testng.asserts.SoftAssert.assertAll(SoftAssert.java:30)
	at stepDefinitions.AuthenticationStepDefinitions.tearDown(AuthenticationStepDefinitions.java:458)
]]></failure>
    <system-out><![CDATA[ℹ️ INFO: New driver created for login
✅ SUCCESS: Successfully navigated to: https://teamso.com/dashboard/account/login
✅ SUCCESS: Page loaded completely
ℹ️ INFO: Page load check completed
✅ SUCCESS: Element found: By.id: emailInputOnLoginPage
✅ SUCCESS: Text entered: kadir.mogul@teamso.com
✅ SUCCESS: Element found: By.id: login-button
✅ SUCCESS: Element clicked: By.id: login-button
✅ SUCCESS: Page loaded completely
ℹ️ INFO: Page load check after login completed
✅ SUCCESS: Element found: By.cssSelector: input[placeholder='Hesap ara...']
✅ SUCCESS: Text entered: prodkadir
✅ SUCCESS: Found 2 elements: By.cssSelector: button[id='accountSelectButtonOnLoginPage']
✅ SUCCESS: Account selected at index: 0
✅ SUCCESS: Page loaded completely
ℹ️ INFO: Page load check after account selection completed
✅ SUCCESS: Element found: By.id: passwordInputOnLoginPage
✅ SUCCESS: Text entered: Akm@2026
✅ SUCCESS: Element found: By.id: loginButtonInPasswordCheckInLoginPage
✅ SUCCESS: Element clicked: By.id: loginButtonInPasswordCheckInLoginPage
✅ SUCCESS: Page loaded completely
ℹ️ INFO: Page load check after final login completed
✅ SUCCESS: Login process completed successfully
✅ SUCCESS: Login verification successful - Redirected to dashboard
✅ SUCCESS: Login to system completed successfully
✅ SUCCESS: Login to system step completed successfully
  Given Login to system with "https://teamso.com/dashboard/account/login" and "kadir.mogul@teamso.com" and "prodkadir" and "0" and "Akm@2026" # stepDefinitions.AuthenticationStepDefinitions.login_to_system_with_parameters(java.lang.String,java.lang.String,java.lang.String,java.lang.String,java.lang.String)
✅ SUCCESS: Login verification successful
  Then verify login successful                                                                                                                # stepDefinitions.AuthenticationStepDefinitions.verify_login_successful()
ℹ️ INFO: Starting menu and sub-menu selection...
ℹ️ INFO: Selecting menu: Aday Takip Sistemi
ℹ️ INFO: Using existing active driver
ℹ️ INFO: Found 129 menu items
ℹ️ INFO: Found menu: Aday Takip Sistemi in text: 'Aday Takip Sistemi'
ℹ️ INFO: Menu found, stopping search
ℹ️ INFO: Clicking on menu: Aday Takip Sistemi
✅ SUCCESS: Normal click successful for menu: Aday Takip Sistemi
ℹ️ INFO: Last selected menu saved: Aday Takip Sistemi
ℹ️ INFO: Waiting for menu to expand...
ℹ️ INFO: Menu expanded successfully
ℹ️ INFO: Waiting for menu to expand and sub-menu elements to appear...
ℹ️ INFO: Element became visible: By.cssSelector: ul.sub-menu.mm-collapse.mm-show
ℹ️ INFO: Sub-menu container is visible
ℹ️ INFO: Sub-menu elements found without scrolling: 7
ℹ️ INFO: Selecting module: Aday Takip Sistemi with sub-menu index: 6
ℹ️ INFO: Using existing active driver
ℹ️ INFO: Module 'Aday Takip Sistemi' should already be selected
ℹ️ INFO: Sub-menu expanded successfully
ℹ️ INFO: Resetting menu position to top for clean start
ℹ️ INFO: === DEBUG: Checking if target element exists before scrolling ===
ℹ️ INFO: === MODULE-SPECIFIC SUB-MENU SEARCH ===
ℹ️ INFO: Looking for sub-menus of module: Aday Takip Sistemi
ℹ️ INFO: === SEARCHING FOR SELECTED MODULE ===
ℹ️ INFO: Found 129 total menu items
ℹ️ INFO: Found selected module (contains match): Aday Takip Sistemi in text: 'Aday Takip Sistemi
Sorumluluk Yönetme
Onay Süreci
İșe Alım Talepleri
İș İlanları
CV Havuzu
Raporlar
Ayarlar'
ℹ️ INFO: Module-specific XPath found 9 sub-menu elements for: Aday Takip Sistemi
ℹ️ INFO: Found 9 sub-menu items initially
ℹ️ INFO: === DETAILED ELEMENT DEBUG ===
ℹ️ INFO: Element 0 - Tag: li, Class: '', Text: 'Sorumluluk Yönetme', Displayed: true, Enabled: true
ℹ️ INFO: Element 1 - Tag: li, Class: '', Text: 'Onay Süreci', Displayed: true, Enabled: true
ℹ️ INFO: Element 2 - Tag: li, Class: '', Text: 'İșe Alım Talepleri', Displayed: true, Enabled: true
ℹ️ INFO: Element 3 - Tag: li, Class: '', Text: 'İș İlanları', Displayed: true, Enabled: true
ℹ️ INFO: Element 4 - Tag: li, Class: '', Text: 'CV Havuzu', Displayed: true, Enabled: true
ℹ️ INFO: Element 5 - Tag: li, Class: '', Text: '', Displayed: false, Enabled: true
ℹ️ INFO: Element 6 - Tag: li, Class: '', Text: '', Displayed: false, Enabled: true
ℹ️ INFO: Element 7 - Tag: li, Class: '', Text: 'Raporlar', Displayed: true, Enabled: true
ℹ️ INFO: Element 8 - Tag: li, Class: '', Text: 'Ayarlar', Displayed: true, Enabled: true
ℹ️ INFO: === FILTERING EMPTY ELEMENTS ===
ℹ️ INFO: Filtered 9 elements to 7 valid elements
ℹ️ INFO: === FILTERED ELEMENTS DEBUG ===
ℹ️ INFO: Valid Element 0 - Text: 'Sorumluluk Yönetme'
ℹ️ INFO: Valid Element 1 - Text: 'Onay Süreci'
ℹ️ INFO: Valid Element 2 - Text: 'İșe Alım Talepleri'
ℹ️ INFO: Valid Element 3 - Text: 'İș İlanları'
ℹ️ INFO: Valid Element 4 - Text: 'CV Havuzu'
ℹ️ INFO: Valid Element 5 - Text: 'Raporlar'
ℹ️ INFO: Valid Element 6 - Text: 'Ayarlar'
ℹ️ INFO: Target sub-menu found and visible at index 6: Ayarlar
ℹ️ INFO: Available sub-menus:
ℹ️ INFO: Index 0: Sorumluluk Yönetme
ℹ️ INFO: Index 1: Onay Süreci
ℹ️ INFO: Index 2: İșe Alım Talepleri
ℹ️ INFO: Index 3: İș İlanları
ℹ️ INFO: Index 4: CV Havuzu
ℹ️ INFO: Index 5: Raporlar
ℹ️ INFO: Index 6: Ayarlar
ℹ️ INFO: Clicking on sub-menu item: Ayarlar
ℹ️ INFO: Last selected sub-menu saved: Ayarlar
ℹ️ INFO: Overlay elements removed
ℹ️ INFO: Element became clickable: li
ℹ️ INFO: === DEBUG: Element before click ===
ℹ️ INFO: Element - Displayed: true, Enabled: true, Text: 'Ayarlar'
ℹ️ INFO: Element - Tag: li, Class: ''
ℹ️ INFO: Element - Location: (0, 694)
ℹ️ INFO: Element - Size: (250, 34)
ℹ️ INFO: === DEBUG: Page before click ===
ℹ️ INFO: Page - URL: https://teamso.com/dashboard
ℹ️ INFO: Page - Title: Anasayfa - Teamso
✅ SUCCESS: Normal click successful for sub-menu: Ayarlar
ℹ️ INFO: === DEBUG: After click ===
ℹ️ INFO: Click successful: true
ℹ️ INFO: Waiting for click effect...
ℹ️ INFO: === DEBUG: Page after click ===
ℹ️ INFO: Page - URL: https://teamso.com/dashboard/ats/settings
ℹ️ INFO: Page - Title: Ayarlar - Teamso
ℹ️ INFO: URL did not change within 5 seconds, continuing...
ℹ️ INFO: Current URL after click: https://teamso.com/dashboard/ats/settings
ℹ️ INFO: Current URL after click: https://teamso.com/dashboard/ats/settings
✅ SUCCESS: Page loaded completely
ℹ️ INFO: Page load completed after sub-menu selection
ℹ️ INFO: Final URL after page load: https://teamso.com/dashboard/ats/settings
✅ SUCCESS: Menu and sub-menu selection completed successfully
✅ SUCCESS: Menu 'Aday Takip Sistemi' and sub-menu '6' selection step completed successfully
  And Select menu "Aday Takip Sistemi" and sub-menu "6"                                                                                       # stepDefinitions.AuthenticationStepDefinitions.select_menu_and_submenu(java.lang.String,java.lang.String)
ℹ️ INFO: Verifying page opened...
ℹ️ INFO: Using existing active driver
ℹ️ INFO: Current URL after click: https://teamso.com/dashboard/ats/settings
✅ SUCCESS: Page opened successfully - URL: https://teamso.com/dashboard/ats/settings
ℹ️ INFO: Page title: Ayarlar - Teamso
✅ SUCCESS: Page verification step completed successfully
  And verify page opened successfully                                                                                                         # stepDefinitions.AuthenticationStepDefinitions.verify_page_opened_successfully()
ℹ️ INFO: Finding parameter name at index: 0
✅ SUCCESS: Parameter name found at index 0: İş İlanı Şablonları
İş ilanı oluştururken kullanabileceğiniz şablonları oluşturun
Ekle
başlık
ioss
QA-AI12
kayıt başlığo
11
kayıt başlığı max kayıt başlığı max kayıt başlığı max kayıt başlığı mkayıt başlığı max ax kayıt başlığı max kayıt başlığı max kayıt başlığı max kayıt başlığı max kayıt başlığı max kayıt başlığı max kayıt başlığı max kayıt başlığı max kayıt başlığı max
111
Şablon 002 ENG
Şablon 001 -TR
✅ SUCCESS: Parameter name clicked successfully
ℹ️ INFO: Selected parameter saved for filtering: İş İlanı Şablonları
İş ilanı oluştururken kullanabileceğiniz şablonları oluşturun
Ekle
başlık
ioss
QA-AI12
kayıt başlığo
11
kayıt başlığı max kayıt başlığı max kayıt başlığı max kayıt başlığı mkayıt başlığı max ax kayıt başlığı max kayıt başlığı max kayıt başlığı max kayıt başlığı max kayıt başlığı max kayıt başlığı max kayıt başlığı max kayıt başlığı max kayıt başlığı max
111
Şablon 002 ENG
Şablon 001 -TR
  And find parameter name at index "0"                                                                                                        # stepDefinitions.AuthenticationStepDefinitions.find_parameter_name_at_index(java.lang.String)
ℹ️ INFO: Finding record number at index: 0
ℹ️ INFO: Filtering records by selected parameter...
ℹ️ INFO: Found 9 records under selected parameter
✅ SUCCESS: Record number found at index 0: başlık
ℹ️ INFO: Overlay elements removed for record click
✅ SUCCESS: Normal click successful for record: başlık
✅ SUCCESS: Record number clicked successfully
ℹ️ INFO: Selected record saved for filtering: başlık
  And find record number at index "0"                                                                                                         # stepDefinitions.AuthenticationStepDefinitions.find_record_number_at_index(java.lang.String)
ℹ️ INFO: Finding option id with text: Detay
ℹ️ INFO: Filtering options by selected record...
ℹ️ INFO: Found 1 options in selected record
ℹ️ INFO: === OPTION ELEMENTS DEBUG ===
ℹ️ INFO: Found 1 option elements
ℹ️ INFO: Option Element 0 - Tag: div, Class: 'col-lg-1 d-flex justify-content-end align-items-center', Text: '', Displayed: true, Enabled: true
ℹ️ INFO: === END OPTION ELEMENTS DEBUG ===
ℹ️ INFO: Checking element - Text: '', Title: ''
  And find option id with text "Detay"                                                                                                        # stepDefinitions.AuthenticationStepDefinitions.find_option_id_with_text(java.lang.String)
✅ SUCCESS: Driver closed and reference cleared
      java.lang.AssertionError: The following asserts failed:
	No option found with text containing: Detay
	at org.testng.asserts.SoftAssert.assertAll(SoftAssert.java:46)
	at org.testng.asserts.SoftAssert.assertAll(SoftAssert.java:30)
	at stepDefinitions.AuthenticationStepDefinitions.tearDown(AuthenticationStepDefinitions.java:458)

]]></system-out>
    <system-err><![CDATA[┌───────────────────────────────────────────────────────────────────────────────────┐
│ Share your Cucumber Report with your team at https://reports.cucumber.io          │
│ Activate publishing with one of the following:                                    │
│                                                                                   │
│ src/test/resources/cucumber.properties:          cucumber.publish.enabled=true    │
│ src/test/resources/junit-platform.properties:    cucumber.publish.enabled=true    │
│ Environment variable:                            CUCUMBER_PUBLISH_ENABLED=true    │
│ JUnit:                                           @CucumberOptions(publish = true) │
│                                                                                   │
│ More information at https://cucumber.io/docs/cucumber/environment-variables/      │
│                                                                                   │
│ Disable this message with one of the following:                                   │
│                                                                                   │
│ src/test/resources/cucumber.properties:          cucumber.publish.quiet=true      │
│ src/test/resources/junit-platform.properties:    cucumber.publish.quiet=true      │
└───────────────────────────────────────────────────────────────────────────────────┘
Starting ChromeDriver 139.0.7258.154 (9e0d6b2b47ffb17007b713429c9a302f9e43847f-refs/branch-heads/7258@{#2926}) on port 43048
Only local connections are allowed.
Please see https://chromedriver.chromium.org/security-considerations for suggestions on keeping ChromeDriver safe.
ChromeDriver was started successfully on port 43048.
Sep 06, 2025 3:59:17 PM org.openqa.selenium.devtools.CdpVersionFinder findNearestMatch
WARNING: Unable to find CDP implementation matching 139
Sep 06, 2025 3:59:17 PM org.openqa.selenium.chromium.ChromiumDriver lambda$new$3
WARNING: Unable to find version of CDP to use for . You may need to include a dependency on a specific version of the CDP using something similar to `org.seleniumhq.selenium:selenium-devtools-v86:4.8.1` where the version ("v86") matches the version of the chromium-based browser you're using and the version number of the artifact is the same as Selenium's.
❌ ERROR: No option found with text containing: Detay - Text not found
Sep 06, 2025 3:59:45 PM org.openqa.selenium.remote.http.WebSocket$Listener onError
WARNING: Connection reset
java.net.SocketException: Connection reset
	at java.base/sun.nio.ch.SocketChannelImpl.throwConnectionReset(SocketChannelImpl.java:403)
	at java.base/sun.nio.ch.SocketChannelImpl.implRead(SocketChannelImpl.java:435)
	at java.base/sun.nio.ch.SocketChannelImpl.read(SocketChannelImpl.java:493)
	at io.netty.buffer.PooledByteBuf.setBytes(PooledByteBuf.java:259)
	at io.netty.buffer.AbstractByteBuf.writeBytes(AbstractByteBuf.java:1132)
	at io.netty.channel.socket.nio.NioSocketChannel.doReadBytes(NioSocketChannel.java:357)
	at io.netty.channel.nio.AbstractNioByteChannel$NioByteUnsafe.read(AbstractNioByteChannel.java:151)
	at io.netty.channel.nio.NioEventLoop.processSelectedKey(NioEventLoop.java:788)
	at io.netty.channel.nio.NioEventLoop.processSelectedKeysOptimized(NioEventLoop.java:724)
	at io.netty.channel.nio.NioEventLoop.processSelectedKeys(NioEventLoop.java:650)
	at io.netty.channel.nio.NioEventLoop.run(NioEventLoop.java:562)
	at io.netty.util.concurrent.SingleThreadEventExecutor$4.run(SingleThreadEventExecutor.java:997)
	at io.netty.util.internal.ThreadExecutorMap$2.run(ThreadExecutorMap.java:74)
	at io.netty.util.concurrent.FastThreadLocalRunnable.run(FastThreadLocalRunnable.java:30)
	at java.base/java.lang.Thread.run(Thread.java:1575)

]]></system-err>
  </testcase>
</testsuite>