<?xml version="1.0" encoding="UTF-8"?>
<testng-results ignored="0" total="4" passed="4" failed="0" skipped="0">
  <reporter-output>
  </reporter-output>
  <suite started-at="2025-09-01T17:30:04 GMT+03:00" name="Surefire suite" finished-at="2025-09-01T17:30:48 GMT+03:00" duration-ms="43287">
    <groups>
      <group name="cucumber">
        <method signature="AbstractTestNGCucumberTests.runScenario(io.cucumber.testng.PickleWrapper,io.cucumber.testng.FeatureWrapper)[pri:0, instance:runner.ParallelTestRunner@a9cd3b1]" name="runScenario" class="io.cucumber.testng.AbstractTestNGCucumberTests"/>
        <method signature="AbstractTestNGCucumberTests.runScenario(io.cucumber.testng.PickleWrapper,io.cucumber.testng.FeatureWrapper)[pri:0, instance:runner.TestRunner@34b7ac2f]" name="runScenario" class="io.cucumber.testng.AbstractTestNGCucumberTests"/>
      </group> <!-- cucumber -->
    </groups>
    <test started-at="2025-09-01T17:30:04 GMT+03:00" name="Surefire test" finished-at="2025-09-01T17:30:48 GMT+03:00" duration-ms="43287">
      <class name="runner.ParallelTestRunner">
        <test-method is-config="true" signature="setUpClass(org.testng.ITestContext)[pri:0, instance:runner.ParallelTestRunner@a9cd3b1]" started-at="2025-09-01T17:30:04 GMT+03:00" name="setUpClass" finished-at="2025-09-01T17:30:05 GMT+03:00" duration-ms="196" status="PASS">
          <params>
            <param index="0">
              <value>
                <![CDATA[org.testng.TestRunner@c730b35]]>
              </value>
            </param>
          </params>
          <reporter-output>
          </reporter-output>
        </test-method> <!-- setUpClass -->
        <test-method signature="runScenario(io.cucumber.testng.PickleWrapper,io.cucumber.testng.FeatureWrapper)[pri:0, instance:runner.ParallelTestRunner@a9cd3b1]" started-at="2025-09-01T17:30:05 GMT+03:00" name="runScenario" description="Runs Cucumber Scenarios" data-provider="scenarios" finished-at="2025-09-01T17:30:27 GMT+03:00" duration-ms="22731" status="PASS">
          <params>
            <param index="0">
              <value>
                <![CDATA["Login to ATS Dashboard"]]>
              </value>
            </param>
            <param index="1">
              <value>
                <![CDATA["ATS Authentication"]]>
              </value>
            </param>
          </params>
          <reporter-output>
          </reporter-output>
        </test-method> <!-- runScenario -->
        <test-method signature="runScenario(io.cucumber.testng.PickleWrapper,io.cucumber.testng.FeatureWrapper)[pri:0, instance:runner.ParallelTestRunner@a9cd3b1]" started-at="2025-09-01T17:30:27 GMT+03:00" name="runScenario" description="Runs Cucumber Scenarios" data-provider="scenarios" finished-at="2025-09-01T17:30:48 GMT+03:00" duration-ms="20300" status="PASS">
          <params>
            <param index="0">
              <value>
                <![CDATA["Login to ATS Dashboard"]]>
              </value>
            </param>
            <param index="1">
              <value>
                <![CDATA["ATS Authentication"]]>
              </value>
            </param>
          </params>
          <reporter-output>
          </reporter-output>
        </test-method> <!-- runScenario -->
        <test-method is-config="true" signature="tearDownClass()[pri:0, instance:runner.ParallelTestRunner@a9cd3b1]" started-at="2025-09-01T17:30:48 GMT+03:00" name="tearDownClass" finished-at="2025-09-01T17:30:48 GMT+03:00" duration-ms="49" status="PASS">
          <reporter-output>
          </reporter-output>
        </test-method> <!-- tearDownClass -->
      </class> <!-- runner.ParallelTestRunner -->
      <class name="runner.TestRunner">
        <test-method is-config="true" signature="setUpClass(org.testng.ITestContext)[pri:0, instance:runner.TestRunner@34b7ac2f]" started-at="2025-09-01T17:30:04 GMT+03:00" name="setUpClass" finished-at="2025-09-01T17:30:05 GMT+03:00" duration-ms="196" status="PASS">
          <params>
            <param index="0">
              <value>
                <![CDATA[org.testng.TestRunner@c730b35]]>
              </value>
            </param>
          </params>
          <reporter-output>
          </reporter-output>
        </test-method> <!-- setUpClass -->
        <test-method signature="runScenario(io.cucumber.testng.PickleWrapper,io.cucumber.testng.FeatureWrapper)[pri:0, instance:runner.TestRunner@34b7ac2f]" started-at="2025-09-01T17:30:05 GMT+03:00" name="runScenario" description="Runs Cucumber Scenarios" data-provider="scenarios" finished-at="2025-09-01T17:30:27 GMT+03:00" duration-ms="22684" status="PASS">
          <params>
            <param index="0">
              <value>
                <![CDATA["Login to ATS Dashboard"]]>
              </value>
            </param>
            <param index="1">
              <value>
                <![CDATA["ATS Authentication"]]>
              </value>
            </param>
          </params>
          <reporter-output>
          </reporter-output>
        </test-method> <!-- runScenario -->
        <test-method signature="runScenario(io.cucumber.testng.PickleWrapper,io.cucumber.testng.FeatureWrapper)[pri:0, instance:runner.TestRunner@34b7ac2f]" started-at="2025-09-01T17:30:27 GMT+03:00" name="runScenario" description="Runs Cucumber Scenarios" data-provider="scenarios" finished-at="2025-09-01T17:30:47 GMT+03:00" duration-ms="20143" status="PASS">
          <params>
            <param index="0">
              <value>
                <![CDATA["Login to ATS Dashboard"]]>
              </value>
            </param>
            <param index="1">
              <value>
                <![CDATA["ATS Authentication"]]>
              </value>
            </param>
          </params>
          <reporter-output>
          </reporter-output>
        </test-method> <!-- runScenario -->
        <test-method is-config="true" signature="tearDownClass()[pri:0, instance:runner.TestRunner@34b7ac2f]" started-at="2025-09-01T17:30:47 GMT+03:00" name="tearDownClass" finished-at="2025-09-01T17:30:47 GMT+03:00" duration-ms="43" status="PASS">
          <reporter-output>
          </reporter-output>
        </test-method> <!-- tearDownClass -->
      </class> <!-- runner.TestRunner -->
    </test> <!-- Surefire test -->
  </suite> <!-- Surefire suite -->
</testng-results>
